2021-03-31 05:42:49 - TShock: INFO: TShock was improperly shut down. Please use the exit command in the future to prevent this.
2021-03-31 05:42:49 - TextLog: INFO: TShock 4.4.0.0 (Go to sleep Patrikkk, Icy, Chris, Death, Axeel, Zaicon, hakusaro, Zack, and Yoraiz0r <3) now running.
2021-03-31 05:42:49 - TShock: INFO: AutoSave Enabled
2021-03-31 05:42:49 - TShock: INFO: Backups Disabled
2021-03-31 05:42:49 - TShock: INFO: Welcome to TShock for Terraria!
2021-03-31 05:42:49 - TShock: INFO: TShock comes with no warranty & is free software.
2021-03-31 05:42:49 - TShock: INFO: You can modify & distribute it under the terms of the GNU GPLv3.
2021-03-31 06:51:49 - TextLog: VERBOSE: GetDataHandlers / HandlePlayerBuffList handled event and sent data Nahum II
2021-03-31 06:52:06 - TextLog: INFO: Nahum II (201.211.45.5) from 'guest' group joined. (1/8)
2021-03-31 06:52:06 - Utils: INFO: Broadcast: Nahum II has joined.
2021-03-31 06:52:07 - TextLog: VERBOSE: Bouncer / OnNewProjectile please report to tshock about this! normally this is a reject from Nahum II 334
2021-03-31 06:52:08 - TextLog: VERBOSE: GetDataHandlers / HandlePlayerBuffList handled event and sent data Nahum II
2021-03-31 06:52:25 - TextLog: VERBOSE: Bouncer / OnNewProjectile please report to tshock about this! normally this is a reject from Nahum II 595
2021-03-31 06:52:25 - TextLog: VERBOSE: Bouncer / OnTileEdit rejected from ice/build from Nahum II KillTile 0
2021-03-31 06:52:25 - TextLog: VERBOSE: Bouncer / OnNewProjectile please report to tshock about this! normally this is a reject from Nahum II 595
2021-03-31 06:52:25 - TextLog: VERBOSE: Bouncer / OnNewProjectile please report to tshock about this! normally this is a reject from Nahum II 595
2021-03-31 06:52:25 - TextLog: VERBOSE: Bouncer / OnNewProjectile please report to tshock about this! normally this is a reject from Nahum II 595
2021-03-31 06:52:25 - TextLog: VERBOSE: Bouncer / OnNewProjectile please report to tshock about this! normally this is a reject from Nahum II 595
2021-03-31 06:52:25 - TextLog: VERBOSE: Bouncer / OnNewProjectile please report to tshock about this! normally this is a reject from Nahum II 595
2021-03-31 06:52:25 - TextLog: VERBOSE: Bouncer / OnNewProjectile please report to tshock about this! normally this is a reject from Nahum II 595
2021-03-31 06:52:25 - TextLog: VERBOSE: Bouncer / OnNewProjectile please report to tshock about this! normally this is a reject from Nahum II 595
2021-03-31 06:52:25 - TextLog: VERBOSE: Bouncer / OnNewProjectile please report to tshock about this! normally this is a reject from Nahum II 595
2021-03-31 06:52:25 - TextLog: VERBOSE: Bouncer / OnNewProjectile please report to tshock about this! normally this is a reject from Nahum II 595
2021-03-31 06:52:25 - TextLog: VERBOSE: Bouncer / OnNewProjectile please report to tshock about this! normally this is a reject from Nahum II 595
2021-03-31 06:52:25 - TextLog: VERBOSE: Bouncer / OnNewProjectile please report to tshock about this! normally this is a reject from Nahum II 595
2021-03-31 06:52:25 - TextLog: VERBOSE: Bouncer / OnNewProjectile please report to tshock about this! normally this is a reject from Nahum II 595
2021-03-31 06:52:25 - TextLog: VERBOSE: Bouncer / OnNewProjectile please report to tshock about this! normally this is a reject from Nahum II 595
2021-03-31 06:52:25 - TextLog: VERBOSE: Bouncer / OnNewProjectile please report to tshock about this! normally this is a reject from Nahum II 595
2021-03-31 06:52:25 - TextLog: VERBOSE: Bouncer / OnNewProjectile please report to tshock about this! normally this is a reject from Nahum II 595
2021-03-31 06:52:25 - TextLog: VERBOSE: Bouncer / OnNewProjectile please report to tshock about this! normally this is a reject from Nahum II 595
2021-03-31 06:52:25 - TextLog: VERBOSE: Bouncer / OnNewProjectile please report to tshock about this! normally this is a reject from Nahum II 595
2021-03-31 06:52:25 - TextLog: VERBOSE: Bouncer / OnNewProjectile please report to tshock about this! normally this is a reject from Nahum II 595
2021-03-31 06:52:25 - TextLog: VERBOSE: Bouncer / OnNewProjectile please report to tshock about this! normally this is a reject from Nahum II 595
2021-03-31 06:52:25 - TextLog: VERBOSE: Bouncer / OnNewProjectile please report to tshock about this! normally this is a reject from Nahum II 595
2021-03-31 06:52:25 - TextLog: VERBOSE: Bouncer / OnNewProjectile please report to tshock about this! normally this is a reject from Nahum II 595
2021-03-31 06:52:25 - TextLog: VERBOSE: Bouncer / OnNewProjectile please report to tshock about this! normally this is a reject from Nahum II 595
2021-03-31 06:52:25 - TextLog: VERBOSE: Bouncer / OnNewProjectile please report to tshock about this! normally this is a reject from Nahum II 595
2021-03-31 06:52:25 - TextLog: VERBOSE: Bouncer / OnNewProjectile please report to tshock about this! normally this is a reject from Nahum II 595
2021-03-31 06:52:25 - TextLog: VERBOSE: Bouncer / OnNewProjectile please report to tshock about this! normally this is a reject from Nahum II 595
2021-03-31 06:52:26 - TextLog: VERBOSE: Bouncer / OnNewProjectile please report to tshock about this! normally this is a reject from Nahum II 595
2021-03-31 06:52:26 - TextLog: VERBOSE: Bouncer / OnNewProjectile please report to tshock about this! normally this is a reject from Nahum II 595
2021-03-31 06:52:26 - TextLog: VERBOSE: Bouncer / OnNewProjectile please report to tshock about this! normally this is a reject from Nahum II 595
2021-03-31 06:52:26 - TextLog: VERBOSE: Bouncer / OnNewProjectile please report to tshock about this! normally this is a reject from Nahum II 595
2021-03-31 06:52:26 - TextLog: VERBOSE: Bouncer / OnNewProjectile please report to tshock about this! normally this is a reject from Nahum II 595
2021-03-31 06:52:26 - TextLog: VERBOSE: Bouncer / OnNewProjectile please report to tshock about this! normally this is a reject from Nahum II 595
2021-03-31 06:52:26 - TextLog: VERBOSE: Bouncer / OnNewProjectile please report to tshock about this! normally this is a reject from Nahum II 595
2021-03-31 06:52:26 - TextLog: VERBOSE: Bouncer / OnNewProjectile please report to tshock about this! normally this is a reject from Nahum II 595
2021-03-31 06:52:26 - TextLog: VERBOSE: Bouncer / OnNewProjectile please report to tshock about this! normally this is a reject from Nahum II 595
2021-03-31 06:52:26 - TextLog: VERBOSE: Bouncer / OnNewProjectile please report to tshock about this! normally this is a reject from Nahum II 595
2021-03-31 06:52:26 - TextLog: VERBOSE: Bouncer / OnNewProjectile please report to tshock about this! normally this is a reject from Nahum II 595
2021-03-31 06:52:29 - TextLog: VERBOSE: Bouncer / OnNewProjectile please report to tshock about this! normally this is a reject from Nahum II 595
2021-03-31 06:52:29 - TextLog: VERBOSE: Bouncer / OnNewProjectile please report to tshock about this! normally this is a reject from Nahum II 595
2021-03-31 06:52:29 - TextLog: VERBOSE: Bouncer / OnNewProjectile please report to tshock about this! normally this is a reject from Nahum II 595
2021-03-31 06:52:29 - TextLog: VERBOSE: Bouncer / OnNewProjectile please report to tshock about this! normally this is a reject from Nahum II 595
2021-03-31 06:52:29 - TextLog: VERBOSE: Bouncer / OnNewProjectile please report to tshock about this! normally this is a reject from Nahum II 595
2021-03-31 06:52:29 - TextLog: VERBOSE: Bouncer / OnNewProjectile please report to tshock about this! normally this is a reject from Nahum II 595
2021-03-31 06:52:29 - TextLog: VERBOSE: Bouncer / OnNewProjectile please report to tshock about this! normally this is a reject from Nahum II 595
2021-03-31 06:52:29 - TextLog: VERBOSE: Bouncer / OnNewProjectile please report to tshock about this! normally this is a reject from Nahum II 595
2021-03-31 06:52:29 - TextLog: VERBOSE: Bouncer / OnNewProjectile please report to tshock about this! normally this is a reject from Nahum II 595
2021-03-31 06:52:29 - TextLog: VERBOSE: Bouncer / OnNewProjectile please report to tshock about this! normally this is a reject from Nahum II 595
2021-03-31 06:52:29 - TextLog: VERBOSE: Bouncer / OnNewProjectile please report to tshock about this! normally this is a reject from Nahum II 595
2021-03-31 06:52:29 - TextLog: VERBOSE: Bouncer / OnNewProjectile please report to tshock about this! normally this is a reject from Nahum II 595
2021-03-31 06:52:29 - TextLog: VERBOSE: Bouncer / OnNewProjectile please report to tshock about this! normally this is a reject from Nahum II 595
2021-03-31 06:52:29 - TextLog: VERBOSE: Bouncer / OnNewProjectile please report to tshock about this! normally this is a reject from Nahum II 595
2021-03-31 06:52:29 - TextLog: VERBOSE: Bouncer / OnNewProjectile please report to tshock about this! normally this is a reject from Nahum II 595
2021-03-31 06:52:29 - TextLog: VERBOSE: Bouncer / OnNewProjectile please report to tshock about this! normally this is a reject from Nahum II 595
2021-03-31 06:52:29 - TextLog: VERBOSE: Bouncer / OnNewProjectile please report to tshock about this! normally this is a reject from Nahum II 595
2021-03-31 06:52:29 - TextLog: VERBOSE: Bouncer / OnNewProjectile please report to tshock about this! normally this is a reject from Nahum II 595
2021-03-31 06:52:29 - TextLog: VERBOSE: Bouncer / OnNewProjectile please report to tshock about this! normally this is a reject from Nahum II 595
2021-03-31 06:52:29 - TextLog: VERBOSE: Bouncer / OnNewProjectile please report to tshock about this! normally this is a reject from Nahum II 595
2021-03-31 06:52:29 - TextLog: VERBOSE: Bouncer / OnNewProjectile please report to tshock about this! normally this is a reject from Nahum II 595
2021-03-31 06:52:29 - TextLog: VERBOSE: Bouncer / OnNewProjectile please report to tshock about this! normally this is a reject from Nahum II 595
2021-03-31 06:52:29 - TextLog: VERBOSE: Bouncer / OnNewProjectile please report to tshock about this! normally this is a reject from Nahum II 595
2021-03-31 06:52:29 - TextLog: VERBOSE: Bouncer / OnNewProjectile please report to tshock about this! normally this is a reject from Nahum II 595
2021-03-31 06:52:29 - TextLog: VERBOSE: Bouncer / OnNewProjectile please report to tshock about this! normally this is a reject from Nahum II 595
2021-03-31 06:52:29 - TextLog: VERBOSE: Bouncer / OnNewProjectile please report to tshock about this! normally this is a reject from Nahum II 595
2021-03-31 06:52:29 - TextLog: VERBOSE: Bouncer / OnNewProjectile please report to tshock about this! normally this is a reject from Nahum II 595
2021-03-31 06:52:29 - TextLog: VERBOSE: Bouncer / OnNewProjectile please report to tshock about this! normally this is a reject from Nahum II 595
2021-03-31 06:52:29 - TextLog: VERBOSE: Bouncer / OnNewProjectile please report to tshock about this! normally this is a reject from Nahum II 595
2021-03-31 06:52:29 - TextLog: VERBOSE: Bouncer / OnNewProjectile please report to tshock about this! normally this is a reject from Nahum II 595
2021-03-31 06:52:29 - TextLog: VERBOSE: Bouncer / OnNewProjectile please report to tshock about this! normally this is a reject from Nahum II 595
2021-03-31 06:52:29 - TextLog: VERBOSE: Bouncer / OnNewProjectile please report to tshock about this! normally this is a reject from Nahum II 595
2021-03-31 06:52:31 - TextLog: VERBOSE: Bouncer / OnNewProjectile please report to tshock about this! normally this is a reject from Nahum II 595
2021-03-31 06:52:31 - TextLog: VERBOSE: Bouncer / OnNewProjectile please report to tshock about this! normally this is a reject from Nahum II 595
2021-03-31 06:52:31 - TextLog: VERBOSE: Bouncer / OnNewProjectile please report to tshock about this! normally this is a reject from Nahum II 595
2021-03-31 06:52:31 - TextLog: VERBOSE: Bouncer / OnNewProjectile please report to tshock about this! normally this is a reject from Nahum II 595
2021-03-31 06:52:31 - TextLog: VERBOSE: Bouncer / OnNewProjectile please report to tshock about this! normally this is a reject from Nahum II 595
2021-03-31 06:52:31 - TextLog: VERBOSE: Bouncer / OnNewProjectile please report to tshock about this! normally this is a reject from Nahum II 595
2021-03-31 06:52:31 - TextLog: VERBOSE: Bouncer / OnNewProjectile please report to tshock about this! normally this is a reject from Nahum II 595
2021-03-31 06:52:35 - Utils: INFO: Nahum II executed: /setup  4261361.
2021-03-31 06:53:46 - TextLog: VERBOSE: Rangecheck failed for Nahum II (4235, 441) (rg: 60/32, 3/32)
2021-03-31 06:53:46 - TextLog: VERBOSE: Bouncer / OnItemDrop rejected from dupe range check from Nahum II
2021-03-31 06:53:46 - TextLog: VERBOSE: Rangecheck failed for Nahum II (4236, 442) (rg: 61/32, 4/32)
2021-03-31 06:53:46 - TextLog: VERBOSE: Bouncer / OnItemDrop rejected from dupe range check from Nahum II
2021-03-31 06:54:24 - Utils: INFO: Broadcast: (Super Admin) Nahum II: d
2021-03-31 06:54:44 - TextLog: VERBOSE: GetDataHandlers / HandleSyncExtraValue rejected range check 67683.39,6989.3 vs 67786.03,7076 which is 134.3578
2021-03-31 06:54:46 - TextLog: VERBOSE: Rangecheck failed for Nahum II (4236, 442) (rg: 34/32, 4/32)
2021-03-31 06:54:46 - TextLog: VERBOSE: Bouncer / OnItemDrop rejected from dupe range check from Nahum II
2021-03-31 06:54:50 - Utils: INFO: Broadcast: (Super Admin) Nahum II: user
2021-03-31 06:55:50 - TextLog: VERBOSE: GetDataHandlers / HandlePlayerBuffList handled event and sent data Nahum II
2021-03-31 06:55:59 - Utils: INFO: Broadcast: (Super Admin) Nahum II: hola
2021-03-31 06:57:11 - Utils: INFO: Broadcast: (Super Admin) Nahum II: user add Nahum cuca69
2021-03-31 06:57:58 - TextLog: VERBOSE: Rangecheck failed for Nahum II (4165, 442) (rg: 116/32, 3/32)
2021-03-31 06:57:58 - TextLog: VERBOSE: Bouncer / OnItemDrop rejected from range check from Nahum II
2021-03-31 06:57:58 - TextLog: VERBOSE: Rangecheck failed for Nahum II (4161, 442) (rg: 116/32, 5/32)
2021-03-31 06:57:58 - TextLog: VERBOSE: Bouncer / OnItemDrop rejected from range check from Nahum II
2021-03-31 06:59:03 - Utils: INFO: Broadcast: Nahum II has left.
2021-03-31 06:59:03 - TextLog: INFO: Nahum II disconnected.
2021-03-31 06:59:03 - Utils: INFO: Broadcast: Saving world...
2021-03-31 06:59:06 - Utils: INFO: Broadcast: World saved.
2021-03-31 06:59:06 - SaveManager: INFO: World saved at (/root/.local/share/Terraria/Worlds/arepita.wld)
